Arguments: 
  /snap/node/4152/bin/node /snap/node/4152/bin/yarn.js config get registry

PATH: 
  /home/martinfer22/.npm/_npx/11756/bin:/home/martinfer22/node_modules/.bin:/home/martinfer22/.local/bin:/home/martinfer22/anaconda3/bin:/home/martinfer22/anaconda3/condabin:/home/martinfer22/.cargo/bin:/home/martinfer22/.local/bin:/usr/local/sbin:/usr/local/bin:/usr/sbin:/usr/bin:/sbin:/bin:/usr/games:/usr/local/games:/snap/bin:/home/martinfer22/.fzf/bin

Yarn version: 
  1.22.5

Node version: 
  15.14.0

Platform: 
  linux x64

Trace: 
  Error: EACCES: permission denied, write
      at writeSync (node:fs:744:3)
      at SyncWriteStream._write (node:internal/fs/sync_write_stream:25:3)
      at writeOrBuffer (node:internal/streams/writable:395:12)
      at SyncWriteStream.Writable.write (node:internal/streams/writable:340:10)
      at ConsoleReporter._log (/snap/node/4152/lib/cli.js:96770:17)
      at ConsoleReporter.log (/snap/node/4152/lib/cli.js:96758:10)
      at get (/snap/node/4152/lib/cli.js:87536:14)
      at Object.<anonymous> (/snap/node/4152/lib/cli.js:25940:25)
      at Generator.next (<anonymous>)
      at step (/snap/node/4152/lib/cli.js:310:30)

npm manifest: 
  {
    "name": "uplist",
    "version": "0.1.0",
    "private": true
  }

yarn manifest: 
  No manifest

Lockfile: 
  No lockfile
